2019-05-01 12:53:23,224 [INFO] from play.api.db.DefaultDBApi in play-dev-mode-akka.actor.default-dispatcher-4 - Database [default] initialized at jdbc:postgresql://localhost:5432/db_fast_lane
2019-05-01 12:53:23,253 [INFO] from application in play-dev-mode-akka.actor.default-dispatcher-4 - Creating Pool for datasource 'default'
2019-05-01 12:53:23,975 [INFO] from play.api.db.DefaultDBApi in play-dev-mode-akka.actor.default-dispatcher-4 - Database [test] initialized at jdbc:postgresql://localhost:5432/dbtest
2019-05-01 12:53:23,975 [INFO] from application in play-dev-mode-akka.actor.default-dispatcher-4 - Creating Pool for datasource 'test'
2019-05-01 12:53:26,690 [WARN] from application in play-dev-mode-akka.actor.default-dispatcher-4 - application.conf @ file:/C:/Users/user/workspace/final%20project/FastLane/target/scala-2.12/classes/application.conf: 13: applyEvolutions.default is deprecated, use play.evolutions.db.default.autoApply instead
2019-05-01 12:53:26,691 [WARN] from application in play-dev-mode-akka.actor.default-dispatcher-4 - application.conf @ file:/C:/Users/user/workspace/final%20project/FastLane/target/scala-2.12/classes/application.conf: 14: applyDownEvolutions.default is deprecated, use play.evolutions.db.default.autoApplyDowns instead
2019-05-01 12:53:26,693 [WARN] from application in play-dev-mode-akka.actor.default-dispatcher-4 - application.conf @ file:/C:/Users/user/workspace/final%20project/FastLane/target/scala-2.12/classes/application.conf: 12: applyEvolutions.db is deprecated, use play.evolutions.db.db.autoApply instead
2019-05-01 12:53:28,840 [INFO] from play.api.http.EnabledFilters in play-dev-mode-akka.actor.default-dispatcher-4 - Enabled Filters (see <https://www.playframework.com/documentation/latest/Filters>):

    play.filters.csrf.CSRFFilter
    play.filters.hosts.AllowedHostsFilter

2019-05-01 12:53:28,856 [INFO] from play.api.Play in play-dev-mode-akka.actor.default-dispatcher-4 - Application started (Dev)
2019-05-01 19:47:23,201 [INFO] from play.core.server.AkkaHttpServer in pool-7-thread-2 - Stopping server...
2019-05-01 19:47:23,947 [INFO] from application in application-akka.actor.default-dispatcher-2 - Shutting down connection pool.
2019-05-01 19:47:24,036 [INFO] from application in application-akka.actor.default-dispatcher-2 - Shutting down connection pool.
2019-05-01 19:47:24,066 [ERROR] from io.ebeaninternal.server.transaction.TransactionManager in application-akka.actor.default-dispatcher-9 - NotifyOfCommit failed. L2 Cache potentially not notified.
java.util.concurrent.RejectedExecutionException: Task io.ebeaninternal.server.core.DefaultBackgroundExecutor$$Lambda$5038/1801305852@65e83775 rejected from java.util.concurrent.ThreadPoolExecutor@204c6690[Terminated, pool size = 0, active threads = 0, queued tasks = 0, completed tasks = 47719]
	at java.util.concurrent.ThreadPoolExecutor$AbortPolicy.rejectedExecution(Unknown Source)
	at java.util.concurrent.ThreadPoolExecutor.reject(Unknown Source)
	at java.util.concurrent.ThreadPoolExecutor.execute(Unknown Source)
	at io.ebeaninternal.server.lib.DaemonExecutorService.execute(DaemonExecutorService.java:41)
	at io.ebeaninternal.server.core.DefaultBackgroundExecutor.execute(DefaultBackgroundExecutor.java:40)
	at io.ebeaninternal.server.transaction.TransactionManager.notifyOfCommit(TransactionManager.java:437)
	at io.ebeaninternal.server.transaction.JdbcTransaction.notifyCommit(JdbcTransaction.java:934)
	at io.ebeaninternal.server.transaction.JdbcTransaction.flushCommitAndNotify(JdbcTransaction.java:1000)
	at io.ebeaninternal.server.transaction.JdbcTransaction.commit(JdbcTransaction.java:1047)
	at io.ebeaninternal.api.ScopeTrans.commitTransaction(ScopeTrans.java:136)
	at io.ebeaninternal.api.ScopedTransaction.commit(ScopedTransaction.java:110)
	at models.insertToDB.insertToStopTimes(insertToDB.java:530)
	at models.insertToDB.<init>(insertToDB.java:49)
	at models.initializeDB.insertDataToDB(initializeDB.java:34)
	at models.initializeDB.<init>(initializeDB.java:19)
	at models.initializeDB.getInstance(initializeDB.java:24)
	at controllers.HomeController.index(HomeController.java:28)
	at router.Routes$$anonfun$routes$1.$anonfun$applyOrElse$2(Routes.scala:192)
	at play.core.routing.HandlerInvokerFactory$$anon$3.resultCall(HandlerInvoker.scala:134)
	at play.core.routing.HandlerInvokerFactory$$anon$3.resultCall(HandlerInvoker.scala:133)
	at play.core.routing.HandlerInvokerFactory$JavaActionInvokerFactory$$anon$8$$anon$2$$anon$1.invocation(HandlerInvoker.scala:108)
	at play.core.j.JavaAction$$anon$1.call(JavaAction.scala:88)
	at play.http.DefaultActionCreator$1.call(DefaultActionCreator.java:31)
	at play.core.j.JavaAction.$anonfun$apply$8(JavaAction.scala:138)
	at scala.concurrent.Future$.$anonfun$apply$1(Future.scala:654)
	at scala.util.Success.$anonfun$map$1(Try.scala:251)
	at scala.util.Success.map(Try.scala:209)
	at scala.concurrent.Future.$anonfun$map$1(Future.scala:288)
	at scala.concurrent.impl.Promise.liftedTree1$1(Promise.scala:29)
	at scala.concurrent.impl.Promise.$anonfun$transform$1(Promise.scala:29)
	at scala.concurrent.impl.CallbackRunnable.run(Promise.scala:60)
	at play.core.j.HttpExecutionContext$$anon$2.run(HttpExecutionContext.scala:56)
	at play.api.libs.streams.Execution$trampoline$.execute(Execution.scala:70)
	at play.core.j.HttpExecutionContext.execute(HttpExecutionContext.scala:48)
	at scala.concurrent.impl.CallbackRunnable.executeWithValue(Promise.scala:68)
	at scala.concurrent.impl.Promise$KeptPromise$Kept.onComplete(Promise.scala:368)
	at scala.concurrent.impl.Promise$KeptPromise$Kept.onComplete$(Promise.scala:367)
	at scala.concurrent.impl.Promise$KeptPromise$Successful.onComplete(Promise.scala:375)
	at scala.concurrent.impl.Promise.transform(Promise.scala:29)
	at scala.concurrent.impl.Promise.transform$(Promise.scala:27)
	at scala.concurrent.impl.Promise$KeptPromise$Successful.transform(Promise.scala:375)
	at scala.concurrent.Future.map(Future.scala:288)
	at scala.concurrent.Future.map$(Future.scala:288)
	at scala.concurrent.impl.Promise$KeptPromise$Successful.map(Promise.scala:375)
	at scala.concurrent.Future$.apply(Future.scala:654)
	at play.core.j.JavaAction.apply(JavaAction.scala:138)
	at play.api.mvc.Action.$anonfun$apply$2(Action.scala:96)
	at play.api.libs.streams.StrictAccumulator.$anonfun$mapFuture$4(Accumulator.scala:174)
	at scala.util.Try$.apply(Try.scala:209)
	at play.api.libs.streams.StrictAccumulator.$anonfun$mapFuture$3(Accumulator.scala:174)
	at scala.Function1.$anonfun$andThen$1(Function1.scala:52)
	at scala.Function1.$anonfun$andThen$1(Function1.scala:52)
	at play.api.libs.streams.StrictAccumulator.run(Accumulator.scala:207)
	at play.core.server.AkkaHttpServer.$anonfun$runAction$4(AkkaHttpServer.scala:376)
	at akka.http.scaladsl.util.FastFuture$.strictTransform$1(FastFuture.scala:41)
	at akka.http.scaladsl.util.FastFuture$.$anonfun$transformWith$3(FastFuture.scala:51)
	at scala.concurrent.impl.CallbackRunnable.run(Promise.scala:60)
	at akka.dispatch.BatchingExecutor$AbstractBatch.processBatch(BatchingExecutor.scala:55)
	at akka.dispatch.BatchingExecutor$BlockableBatch.$anonfun$run$1(BatchingExecutor.scala:91)
	at scala.runtime.java8.JFunction0$mcV$sp.apply(JFunction0$mcV$sp.java:12)
	at scala.concurrent.BlockContext$.withBlockContext(BlockContext.scala:81)
	at akka.dispatch.BatchingExecutor$BlockableBatch.run(BatchingExecutor.scala:91)
	at akka.dispatch.TaskInvocation.run(AbstractDispatcher.scala:40)
	at akka.dispatch.ForkJoinExecutorConfigurator$AkkaForkJoinTask.exec(ForkJoinExecutorConfigurator.scala:44)
	at akka.dispatch.forkjoin.ForkJoinTask.doExec(ForkJoinTask.java:260)
	at akka.dispatch.forkjoin.ForkJoinPool$WorkQueue.runTask(ForkJoinPool.java:1339)
	at akka.dispatch.forkjoin.ForkJoinPool.runWorker(ForkJoinPool.java:1979)
	at akka.dispatch.forkjoin.ForkJoinWorkerThread.run(ForkJoinWorkerThread.java:107)
